<?xml version="1.0" encoding="UTF-8"?>
<!-- Generated by org.testng.reporters.JUnitReportReporter -->
<testsuite hostname="ntpthao" failures="0" tests="2" name="automation.testsuite.Day17_BTVN" time="39.770" errors="0" timestamp="2023-12-17T17:34:24 ICT" skipped="0">
  <testcase classname="automation.testsuite.Day17_BTVN" name="Click" time="21.304"/>
  <system-out/>
  <testcase classname="automation.testsuite.Day17_BTVN" name="Click" time="18.466"/>
  <system-out/>
</testsuite> <!-- automation.testsuite.Day17_BTVN -->
