<?xml version="1.0" encoding="UTF-8"?>
<!-- Generated by org.testng.reporters.JUnitReportReporter -->
<testsuite hostname="ntpthao" failures="0" tests="1" name="automation.testsuite.DAY16_Homework" time="15.253" errors="0" timestamp="2023-12-10T22:53:43 ICT" skipped="0">
  <testcase classname="automation.testsuite.DAY16_Homework" name="ClickAlert" time="15.253"/>
  <system-out/>
</testsuite> <!-- automation.testsuite.DAY16_Homework -->
