<?xml version="1.0" encoding="UTF-8"?>
<!-- Generated by org.testng.reporters.JUnitReportReporter -->
<testsuite hostname="ntpthao" failures="0" tests="1" name="automation.testsuite.TrizzenTest" time="11.940" errors="0" timestamp="2023-12-10T15:22:52 ICT" skipped="0">
  <testcase classname="automation.testsuite.TrizzenTest" name="SearchFilghts" time="11.940"/>
  <system-out/>
</testsuite> <!-- automation.testsuite.TrizzenTest -->
