<?xml version="1.0" encoding="UTF-8"?>
<!-- Generated by org.testng.reporters.JUnitReportReporter -->
<testsuite hostname="ntpthao" failures="0" tests="1" name="automation.testsuite.Day17_Guru" time="9.882" errors="0" timestamp="2023-12-14T19:53:30 ICT" skipped="0">
  <testcase classname="automation.testsuite.Day17_Guru" name="Click" time="9.882"/>
  <system-out/>
</testsuite> <!-- automation.testsuite.Day17_Guru -->
