<?xml version="1.0" encoding="UTF-8"?>
<!-- Generated by org.testng.reporters.JUnitReportReporter -->
<testsuite hostname="ntpthao" failures="0" tests="2" name="automation.testsuite.LoginTest" time="33.312" errors="0" timestamp="2023-11-27T23:46:10 ICT" skipped="0">
  <testcase classname="automation.testsuite.LoginTest" name="LoginSuccessfully" time="18.426"/>
  <system-out/>
  <testcase classname="automation.testsuite.LoginTest" name="LoginFailIncorrectEmail" time="14.886"/>
  <system-out/>
</testsuite> <!-- automation.testsuite.LoginTest -->
