<?xml version="1.0" encoding="UTF-8"?>
<!-- Generated by org.testng.reporters.JUnitReportReporter -->
<testsuite hostname="ntpthao" failures="0" tests="1" name="automation.testsuite.LoginTest_Factory" time="8.186" errors="0" timestamp="2023-11-28T21:02:23 ICT" skipped="0">
  <testcase classname="automation.testsuite.LoginTest_Factory" name="LoginFailIncorrectEmail" time="8.186"/>
  <system-out/>
</testsuite> <!-- automation.testsuite.LoginTest_Factory -->
