<?xml version="1.0" encoding="UTF-8"?>
<!-- Generated by org.testng.reporters.JUnitReportReporter -->
<testsuite hostname="ntpthao" failures="0" tests="1" name="automation.testsuite.HWDAY14_Factory" time="18.997" errors="0" timestamp="2023-12-10T22:41:29 ICT" skipped="0">
  <testcase classname="automation.testsuite.HWDAY14_Factory" name="ChangePassword" time="18.997"/>
  <system-out/>
</testsuite> <!-- automation.testsuite.HWDAY14_Factory -->
