<?xml version="1.0" encoding="UTF-8"?>
<!-- Generated by org.testng.reporters.JUnitReportReporter -->
<testsuite hostname="ntpthao" failures="0" tests="2" name="automation.testsuite.Day18_BTVN2" time="29.653" errors="0" timestamp="2023-12-20T21:48:20 ICT" skipped="0">
  <testcase classname="automation.testsuite.Day18_BTVN2" name="ClickonChat" time="15.908"/>
  <system-out/>
  <testcase classname="automation.testsuite.Day18_BTVN2" name="ClickonChat" time="13.745"/>
  <system-out/>
</testsuite> <!-- automation.testsuite.Day18_BTVN2 -->
