<?xml version="1.0" encoding="UTF-8"?>
<!-- Generated by org.testng.reporters.JUnitReportReporter -->
<testsuite hostname="ntpthao" failures="0" tests="1" name="automation.testsuite.ClientTest" time="22.481" errors="0" timestamp="2023-12-04T22:31:56 ICT" skipped="0">
  <testcase classname="automation.testsuite.ClientTest" name="AddClientSuccessfully" time="22.481"/>
  <system-out/>
</testsuite> <!-- automation.testsuite.ClientTest -->
