<?xml version="1.0" encoding="UTF-8"?>
<!-- Generated by org.testng.reporters.JUnitReportReporter -->
<testsuite hostname="ntpthao" failures="0" tests="1" name="automation.testsuite.DAY16" time="8.198" errors="0" timestamp="2023-12-10T17:10:52 ICT" skipped="0">
  <testcase classname="automation.testsuite.DAY16" name="deleteCustomerSuccessfully" time="8.198"/>
  <system-out/>
</testsuite> <!-- automation.testsuite.DAY16 -->
