<?xml version="1.0" encoding="UTF-8"?>
<!-- Generated by org.testng.reporters.JUnitReportReporter -->
<testsuite hostname="ntpthao" failures="0" tests="1" name="automation.testsuite.Day8_Pratice3" time="26.507" errors="0" timestamp="2023-11-07T21:30:38 ICT" skipped="0">
  <testcase classname="automation.testsuite.Day8_Pratice3" name="getLocatorByText" time="26.507"/>
  <system-out/>
</testsuite> <!-- automation.testsuite.Day8_Pratice3 -->
