<?xml version="1.0" encoding="UTF-8"?>
<!-- Generated by org.testng.reporters.JUnitReportReporter -->
<testsuite hostname="ntpthao" failures="0" tests="2" name="automation.testsuite.Day12_HW" time="11.899" errors="0" timestamp="2023-11-23T22:31:37 ICT" skipped="0">
  <testcase classname="automation.testsuite.Day12_HW" name="ClickOnState" time="2.222"/>
  <system-out/>
  <testcase classname="automation.testsuite.Day12_HW" name="ClickOnRadio" time="9.677"/>
  <system-out/>
</testsuite> <!-- automation.testsuite.Day12_HW -->
