<?xml version="1.0" encoding="UTF-8"?>
<!-- Generated by org.testng.reporters.JUnitReportReporter -->
<testsuite hostname="ntpthao" failures="0" tests="1" name="automation.testsuite.DAY16_02" time="7.320" errors="0" timestamp="2023-12-10T17:38:29 ICT" skipped="0">
  <testcase classname="automation.testsuite.DAY16_02" name="ClickAlert" time="7.320"/>
  <system-out/>
</testsuite> <!-- automation.testsuite.DAY16_02 -->
