<?xml version="1.0" encoding="UTF-8"?>
<!-- Generated by org.testng.reporters.JUnitReportReporter -->
<testsuite hostname="ntpthao" failures="0" tests="2" name="automation.testsuite.Day8_Pratice" time="13.865" errors="0" timestamp="2023-11-07T21:19:52 ICT" skipped="0">
  <testcase classname="automation.testsuite.Day8_Pratice" name="getLocatorByText" time="6.373"/>
  <system-out/>
  <testcase classname="automation.testsuite.Day8_Pratice" name="getLocatorByClassName_TagName" time="7.492"/>
  <system-out/>
</testsuite> <!-- automation.testsuite.Day8_Pratice -->
