<?xml version="1.0" encoding="UTF-8"?>
<!-- Generated by org.testng.reporters.JUnitReportReporter -->
<testsuite hostname="ntpthao" failures="0" tests="1" name="automation.testsuite.Day7_Practice" time="0.013" errors="0" timestamp="2023-11-06T20:12:20 ICT" skipped="0">
  <testcase classname="automation.testsuite.Day7_Practice" name="Test" time="0.013"/>
  <system-out/>
</testsuite> <!-- automation.testsuite.Day7_Practice -->
