<?xml version="1.0" encoding="UTF-8"?>
<!-- Generated by org.testng.reporters.JUnitReportReporter -->
<testsuite hostname="ntpthao" failures="0" tests="1" name="automation.testsuite.Day8_HW" time="3.583" errors="0" timestamp="2023-11-08T21:25:16 ICT" skipped="0">
  <testcase classname="automation.testsuite.Day8_HW" name="getLocatorByText" time="3.583"/>
  <system-out/>
</testsuite> <!-- automation.testsuite.Day8_HW -->
