<?xml version="1.0" encoding="UTF-8"?>
<!-- Generated by org.testng.reporters.JUnitReportReporter -->
<testsuite hostname="ntpthao" failures="0" tests="1" name="automation.testsuite.Day12_Pratice3" time="7.909" errors="0" timestamp="2023-11-21T21:12:50 ICT" skipped="0">
  <testcase classname="automation.testsuite.Day12_Pratice3" name="ClickOnRadio" time="7.909"/>
  <system-out/>
</testsuite> <!-- automation.testsuite.Day12_Pratice3 -->
