<?xml version="1.0" encoding="UTF-8"?>
<!-- Generated by org.testng.reporters.JUnitReportReporter -->
<testsuite hostname="ntpthao" failures="0" tests="1" name="automation.testsuite.Day17_2" time="12.141" errors="0" timestamp="2023-12-14T20:53:12 ICT" skipped="0">
  <testcase classname="automation.testsuite.Day17_2" name="test_Dangky_iframe" time="12.141"/>
  <system-out/>
</testsuite> <!-- automation.testsuite.Day17_2 -->
