<?xml version="1.0" encoding="UTF-8"?>
<!-- Generated by org.testng.reporters.JUnitReportReporter -->
<testsuite hostname="ntpthao" failures="0" tests="1" name="automation.testsuite.Day12_Pratice2" time="3.237" errors="0" timestamp="2023-11-21T20:11:52 ICT" skipped="0">
  <testcase classname="automation.testsuite.Day12_Pratice2" name="ClickOnMultiCB" time="3.237"/>
  <system-out/>
</testsuite> <!-- automation.testsuite.Day12_Pratice2 -->
