<?xml version="1.0" encoding="UTF-8"?>
<!-- Generated by org.testng.reporters.JUnitReportReporter -->
<testsuite hostname="ntpthao" failures="0" tests="1" name="automation.testsuite.Day12_Pratice" time="3.173" errors="0" timestamp="2023-11-21T20:45:48 ICT" skipped="0">
  <testcase classname="automation.testsuite.Day12_Pratice" name="ClickOnRadio" time="3.173"/>
  <system-out/>
</testsuite> <!-- automation.testsuite.Day12_Pratice -->
